#
# A fatal error has been detected by the Java Runtime Environment:
#
#  EXCEPTION_ACCESS_VIOLATION (0xc0000005) at pc=0x0000000000000000, pid=13172, tid=4992
#
# JRE version: Java(TM) SE Runtime Environment (7.0_65-b19) (build 1.7.0_65-b19)
# Java VM: Java HotSpot(TM) 64-Bit Server VM (24.65-b04 mixed mode windows-amd64 compressed oops)
# Problematic frame:
# C  0x0000000000000000
#
# Failed to write core dump. Minidumps are not enabled by default on client versions of Windows
#
# If you would like to submit a bug report, please visit:
#   http://bugreport.sun.com/bugreport/crash.jsp
# The crash happened outside the Java Virtual Machine in native code.
# See problematic frame for where to report the bug.
#

---------------  T H R E A D  ---------------

Current thread (0x000000000260f000):  JavaThread "main" [_thread_in_native, id=4992, stack(0x00000000029b0000,0x0000000002ab0000)]

siginfo: ExceptionCode=0xc0000005, ExceptionInformation=0x0000000000000008 0x0000000000000000

Registers:
RAX=0x0000000000000000, RBX=0x0000000000000000, RCX=0x00000000112a0080, RDX=0x0000000002aaf040
RSP=0x0000000002aaef88, RBP=0x0000000002aaf0a0, RSI=0x0000000015dd8730, RDI=0x000000000ec84660
R8 =0x0000000002aaf0d0, R9 =0x0000000000024010, R10=0x0000000000000000, R11=0x0000000000000002
R12=0x00000000112a0080, R13=0x0000000000000000, R14=0x7fffffffffffffff, R15=0x0000000000024010
RIP=0x0000000000000000, EFLAGS=0x0000000000010202

Top of Stack: (sp=0x0000000002aaef88)
0x0000000002aaef88:   0000000066054219 0000000000000000
0x0000000002aaef98:   0000000000000000 0000000002aaf0a0
0x0000000002aaefa8:   000000000ec84660 0000000000000001
0x0000000002aaefb8:   0000000000000000 ffffffff00000000
0x0000000002aaefc8:   ffffffffea227d88 0000000010234620
0x0000000002aaefd8:   000000006609e1a1 0000000077c05430
0x0000000002aaefe8:   0000000000000000 0000000000000610
0x0000000002aaeff8:   0000000000380000 0000000000000060
0x0000000002aaf008:   0000000000000600 0000000000380888
0x0000000002aaf018:   000007fefdc628cb 0000000000380000
0x0000000002aaf028:   0000000000100002 0000000000000600
0x0000000002aaf038:   0000000000000610 0000000041afbe00
0x0000000002aaf048:   00000000102bdfd0 00000000ff1fe038
0x0000000002aaf058:   0000000000000000 0000000000000000
0x0000000002aaf068:   0000000000000000 0000000000000003
0x0000000002aaf078:   0000000000000000 0000000000000000 

Instructions: (pc=0x0000000000000000)
0xffffffffffffffe0:   


Register to memory mapping:

RAX=0x0000000000000000 is an unknown value
RBX=0x0000000000000000 is an unknown value
RCX=0x00000000112a0080 is an unknown value
RDX=0x0000000002aaf040 is pointing into the stack for thread: 0x000000000260f000
RSP=0x0000000002aaef88 is pointing into the stack for thread: 0x000000000260f000
RBP=0x0000000002aaf0a0 is pointing into the stack for thread: 0x000000000260f000
RSI=0x0000000015dd8730 is an unknown value
RDI=0x000000000ec84660 is an unknown value
R8 =0x0000000002aaf0d0 is pointing into the stack for thread: 0x000000000260f000
R9 =0x0000000000024010 is an unknown value
R10=0x0000000000000000 is an unknown value
R11=0x0000000000000002 is an unknown value
R12=0x00000000112a0080 is an unknown value
R13=0x0000000000000000 is an unknown value
R14=0x7fffffffffffffff is an unknown value
R15=0x0000000000024010 is an unknown value


Stack: [0x00000000029b0000,0x0000000002ab0000],  sp=0x0000000002aaef88,  free space=1019k
Java frames: (J=compiled Java code, j=interpreted, Vv=VM code)
j  org.lwjgl.opengl.GL31.nglCopyBufferSubData(IIJJJJ)V+0
j  org.lwjgl.opengl.GL31.glCopyBufferSubData(IIJJJ)V+26
J 25 C2 Cube.clear()V (148 bytes) @ 0x0000000002b2696c [0x0000000002b268a0+0xcc]
j  SpaceMap.swap()V+4
j  SPH.render()V+59
j  Window.renderCycle()V+4
j  Window.loopCycle()V+5
j  Window.<init>()V+50
j  Window.main([Ljava/lang/String;)V+3
v  ~StubRoutines::call_stub

---------------  P R O C E S S  ---------------

Java Threads: ( => current thread )
  0x000000001276b800 JavaThread "LWJGL Timer" daemon [_thread_blocked, id=11936, stack(0x0000000015e60000,0x0000000015f60000)]
  0x000000000c326800 JavaThread "Service Thread" daemon [_thread_blocked, id=10440, stack(0x000000000e6d0000,0x000000000e7d0000)]
  0x000000000c326000 JavaThread "C2 CompilerThread1" daemon [_thread_blocked, id=12308, stack(0x000000000d210000,0x000000000d310000)]
  0x000000000c324800 JavaThread "C2 CompilerThread0" daemon [_thread_blocked, id=12876, stack(0x000000000e560000,0x000000000e660000)]
  0x000000000c310000 JavaThread "JDWP Command Reader" daemon [_thread_in_native, id=12140, stack(0x000000000e3d0000,0x000000000e4d0000)]
  0x000000000c30f000 JavaThread "JDWP Event Helper Thread" daemon [_thread_blocked, id=5744, stack(0x000000000df10000,0x000000000e010000)]
  0x000000000b26b800 JavaThread "JDWP Transport Listener: dt_socket" daemon [_thread_blocked, id=5912, stack(0x000000000e180000,0x000000000e280000)]
  0x000000000b265000 JavaThread "Attach Listener" daemon [_thread_blocked, id=13276, stack(0x000000000d5a0000,0x000000000d6a0000)]
  0x000000000b264800 JavaThread "Signal Dispatcher" daemon [_thread_blocked, id=2652, stack(0x000000000d900000,0x000000000da00000)]
  0x000000000270e800 JavaThread "Finalizer" daemon [_thread_blocked, id=12272, stack(0x000000000d6b0000,0x000000000d7b0000)]
  0x0000000002708000 JavaThread "Reference Handler" daemon [_thread_blocked, id=11604, stack(0x000000000d430000,0x000000000d530000)]
=>0x000000000260f000 JavaThread "main" [_thread_in_native, id=4992, stack(0x00000000029b0000,0x0000000002ab0000)]

Other Threads:
  0x000000000b24d800 VMThread [stack: 0x000000000d310000,0x000000000d410000] [id=8096]
  0x000000000c33b000 WatcherThread [stack: 0x000000000e900000,0x000000000ea00000] [id=12204]

VM state:not at safepoint (normal execution)

VM Mutex/Monitor currently owned by a thread: None

Heap
 PSYoungGen      total 37376K, used 6840K [0x00000007d6c00000, 0x00000007d9580000, 0x0000000800000000)
  eden space 32256K, 21% used [0x00000007d6c00000,0x00000007d72ae0d0,0x00000007d8b80000)
  from space 5120K, 0% used [0x00000007d9080000,0x00000007d9080000,0x00000007d9580000)
  to   space 5120K, 0% used [0x00000007d8b80000,0x00000007d8b80000,0x00000007d9080000)
 ParOldGen       total 84480K, used 0K [0x0000000784400000, 0x0000000789680000, 0x00000007d6c00000)
  object space 84480K, 0% used [0x0000000784400000,0x0000000784400000,0x0000000789680000)
 PSPermGen       total 21504K, used 4546K [0x000000077f200000, 0x0000000780700000, 0x0000000784400000)
  object space 21504K, 21% used [0x000000077f200000,0x000000077f670af8,0x0000000780700000)

Card table byte_map: [0x0000000005ab0000,0x0000000005ec0000] byte_map_base: 0x0000000001eb7000

Polling page: 0x0000000000130000

Code Cache  [0x0000000002ab0000, 0x0000000002d20000, 0x0000000005ab0000)
 total_blobs=390 nmethods=54 adapters=297 free_code_cache=48611Kb largest_free_block=49752640

Compilation events (10 events):
Event: 3.989 Thread 0x000000000c324800   50             org.lwjgl.opengl.GLContext::getCapabilities (20 bytes)
Event: 3.989 Thread 0x000000000c326000   51             org.lwjgl.opengl.GLContext::getCapabilitiesImpl (23 bytes)
Event: 3.989 Thread 0x000000000c326000 nmethod 51 0x0000000002b36dd0 code [0x0000000002b36f00, 0x0000000002b36fb8]
Event: 3.989 Thread 0x000000000c324800 nmethod 50 0x0000000002b33350 code [0x0000000002b334a0, 0x0000000002b33558]
Event: 3.989 Thread 0x000000000c326000   52             org.lwjgl.BufferChecks::checkFunctionAddress (23 bytes)
Event: 3.989 Thread 0x000000000c326000 nmethod 52 0x0000000002b33150 code [0x0000000002b33280, 0x0000000002b332d8]
Event: 4.171 Thread 0x000000000c324800   53             java.nio.Buffer::position (5 bytes)
Event: 4.171 Thread 0x000000000c324800 nmethod 53 0x0000000002b3d3d0 code [0x0000000002b3d500, 0x0000000002b3d558]
Event: 4.604 Thread 0x000000000c326000   54             java.nio.Buffer::position (43 bytes)
Event: 4.604 Thread 0x000000000c326000 nmethod 54 0x0000000002b3ba10 code [0x0000000002b3bb40, 0x0000000002b3bbd8]

GC Heap History (0 events):
No events

Deoptimization events (1 events):
Event: 0.417 Thread 0x000000000260f000 Uncommon trap: reason=unloaded action=reinterpret pc=0x0000000002b255e4 method=Cube.clear()V @ 132

Internal exceptions (10 events):
Event: 0.430 Thread 0x000000000260f000 Threw 0x00000007d7137910 at C:\re\jdk7u65\1313\hotspot\src\share\vm\prims\jvm.cpp:1244
Event: 2.220 Thread 0x000000000260f000 Threw 0x00000007d7149420 at C:\re\jdk7u65\1313\hotspot\src\share\vm\prims\jvm.cpp:1244
Event: 2.221 Thread 0x000000000260f000 Threw 0x00000007d714c678 at C:\re\jdk7u65\1313\hotspot\src\share\vm\prims\jvm.cpp:1244
Event: 2.252 Thread 0x000000000260f000 Threw 0x00000007d71a11f0 at C:\re\jdk7u65\1313\hotspot\src\share\vm\prims\jvm.cpp:1244
Event: 2.257 Thread 0x000000000260f000 Threw 0x00000007d71c1f98 at C:\re\jdk7u65\1313\hotspot\src\share\vm\prims\jvm.cpp:1244
Event: 2.259 Thread 0x000000000260f000 Threw 0x00000007d71cd898 at C:\re\jdk7u65\1313\hotspot\src\share\vm\prims\jvm.cpp:1244
Event: 2.282 Thread 0x000000000260f000 Threw 0x00000007d71d10a8 at C:\re\jdk7u65\1313\hotspot\src\share\vm\prims\jvm.cpp:1244
Event: 2.285 Thread 0x000000000260f000 Threw 0x00000007d71da380 at C:\re\jdk7u65\1313\hotspot\src\share\vm\prims\jvm.cpp:1244
Event: 2.286 Thread 0x000000000260f000 Threw 0x00000007d71ddf80 at C:\re\jdk7u65\1313\hotspot\src\share\vm\prims\jvm.cpp:1244
Event: 2.287 Thread 0x000000000260f000 Threw 0x00000007d71e1838 at C:\re\jdk7u65\1313\hotspot\src\share\vm\prims\jvm.cpp:1244

Events (10 events):
Event: 2.282 loading class 0x000000000c46e870 done
Event: 2.285 loading class 0x000000000c35abc0
Event: 2.285 loading class 0x000000000c35abc0 done
Event: 2.286 loading class 0x00000000127a1670
Event: 2.286 loading class 0x00000000127a1670 done
Event: 2.287 loading class 0x00000000127a2a40
Event: 2.287 loading class 0x00000000127a2a40 done
Event: 2.287 Thread 0x000000001276b800 Thread added: 0x000000001276b800
Event: 4.226 Executing VM operation: EnableBiasedLocking
Event: 4.226 Executing VM operation: EnableBiasedLocking done


Dynamic libraries:
0x000000013f140000 - 0x000000013f173000 	C:\Program Files\Java\jre7\bin\javaw.exe
0x0000000077af0000 - 0x0000000077c99000 	C:\Windows\SYSTEM32\ntdll.dll
0x00000000779d0000 - 0x0000000077aef000 	C:\Windows\system32\kernel32.dll
0x000007fefdc50000 - 0x000007fefdcbc000 	C:\Windows\system32\KERNELBASE.dll
0x000007fefe280000 - 0x000007fefe35b000 	C:\Windows\system32\ADVAPI32.dll
0x000007feff7b0000 - 0x000007feff84f000 	C:\Windows\system32\msvcrt.dll
0x000007feff850000 - 0x000007feff86f000 	C:\Windows\SYSTEM32\sechost.dll
0x000007feffc50000 - 0x000007feffd7d000 	C:\Windows\system32\RPCRT4.dll
0x00000000778d0000 - 0x00000000779ca000 	C:\Windows\system32\USER32.dll
0x000007fefdd60000 - 0x000007fefddc7000 	C:\Windows\system32\GDI32.dll
0x000007fefe570000 - 0x000007fefe57e000 	C:\Windows\system32\LPK.dll
0x000007fefe580000 - 0x000007fefe649000 	C:\Windows\system32\USP10.dll
0x000007fefd080000 - 0x000007fefd274000 	C:\Windows\WinSxS\amd64_microsoft.windows.common-controls_6595b64144ccf1df_6.0.7601.17514_none_fa396087175ac9ac\COMCTL32.dll
0x000007feff9f0000 - 0x000007feffa61000 	C:\Windows\system32\SHLWAPI.dll
0x000007fefe6a0000 - 0x000007fefe6ce000 	C:\Windows\system32\IMM32.DLL
0x000007fefe460000 - 0x000007fefe569000 	C:\Windows\system32\MSCTF.dll
0x000007fefd820000 - 0x000007fefd866000 	C:\Windows\system32\nvinitx.dll
0x000000000f000000 - 0x000000000f006000 	C:\Program Files\NVIDIA Corporation\CoProcManager\_etoured.dll
0x000007fefa950000 - 0x000007fefa9a5000 	C:\Program Files\NVIDIA Corporation\CoProcManager\nvd3d9wrapx.dll
0x000007feffa70000 - 0x000007feffc47000 	C:\Windows\system32\SETUPAPI.dll
0x000007fefd920000 - 0x000007fefd956000 	C:\Windows\system32\CFGMGR32.dll
0x000007fefe360000 - 0x000007fefe437000 	C:\Windows\system32\OLEAUT32.dll
0x000007fefe010000 - 0x000007fefe213000 	C:\Windows\system32\ole32.dll
0x000007fefd9c0000 - 0x000007fefd9da000 	C:\Windows\system32\DEVOBJ.dll
0x000007fefa910000 - 0x000007fefa94d000 	C:\Program Files\NVIDIA Corporation\CoProcManager\nvdxgiwrapx.dll
0x000000006bd00000 - 0x000000006bdd2000 	C:\Program Files\Java\jre7\bin\msvcr100.dll
0x000000006b520000 - 0x000000006bcf2000 	C:\Program Files\Java\jre7\bin\server\jvm.dll
0x000007fef1c10000 - 0x000007fef1c19000 	C:\Windows\system32\WSOCK32.dll
0x000007fefe650000 - 0x000007fefe69d000 	C:\Windows\system32\WS2_32.dll
0x000007feff870000 - 0x000007feff878000 	C:\Windows\system32\NSI.dll
0x000007fefb0b0000 - 0x000007fefb0eb000 	C:\Windows\system32\WINMM.dll
0x0000000077cc0000 - 0x0000000077cc7000 	C:\Windows\system32\PSAPI.DLL
0x000000006f0f0000 - 0x000000006f0ff000 	C:\Program Files\Java\jre7\bin\verify.dll
0x000000006ec50000 - 0x000000006ec78000 	C:\Program Files\Java\jre7\bin\java.dll
0x000000006f210000 - 0x000000006f245000 	C:\Program Files\Java\jre7\bin\jdwp.dll
0x000000006f340000 - 0x000000006f348000 	C:\Program Files\Java\jre7\bin\npt.dll
0x000000006f0d0000 - 0x000000006f0e5000 	C:\Program Files\Java\jre7\bin\zip.dll
0x0000000070dc0000 - 0x0000000070dc9000 	C:\Program Files\Java\jre7\bin\dt_socket.dll
0x000007fefb090000 - 0x000007fefb0a5000 	C:\Windows\system32\NLAapi.dll
0x000007fef8bd0000 - 0x000007fef8be5000 	C:\Windows\system32\napinsp.dll
0x000007fef8bb0000 - 0x000007fef8bc9000 	C:\Windows\system32\pnrpnsp.dll
0x000007fefcdb0000 - 0x000007fefce05000 	C:\Windows\System32\mswsock.dll
0x000007fefcc30000 - 0x000007fefcc8b000 	C:\Windows\system32\DNSAPI.dll
0x000007fef8ba0000 - 0x000007fef8bab000 	C:\Windows\System32\winrnr.dll
0x000007fef8b90000 - 0x000007fef8ba0000 	C:\Windows\system32\wshbth.dll
0x000007fefcfe0000 - 0x000007fefd007000 	C:\Windows\system32\IPHLPAPI.DLL
0x000007fefa0d0000 - 0x000007fefa0db000 	C:\Windows\system32\WINNSI.DLL
0x000007fef9cf0000 - 0x000007fef9d43000 	C:\Windows\System32\fwpuclnt.dll
0x000007fef8890000 - 0x000007fef8898000 	C:\Windows\system32\rasadhlp.dll
0x000007fefc740000 - 0x000007fefc747000 	C:\Windows\System32\wshtcpip.dll
0x0000000180000000 - 0x0000000180051000 	C:\Users\agrum\workspace\lwjgl-2.9.1\native\windows\lwjgl64.dll
0x000007feeca80000 - 0x000007feecb9d000 	C:\Windows\system32\OPENGL32.dll
0x000007fef78f0000 - 0x000007fef791d000 	C:\Windows\system32\GLU32.dll
0x000007fef20f0000 - 0x000007fef21e1000 	C:\Windows\system32\DDRAW.dll
0x000007fefb800000 - 0x000007fefb808000 	C:\Windows\system32\DCIMAN32.dll
0x000007fefbab0000 - 0x000007fefbac8000 	C:\Windows\system32\dwmapi.dll
0x000007fefc4d0000 - 0x000007fefc4dc000 	C:\Windows\system32\VERSION.dll
0x000007fefbee0000 - 0x000007fefbf36000 	C:\Windows\system32\uxtheme.dll
0x0000000010100000 - 0x0000000010112000 	C:\Program Files\Logitech\SetPoint\lgscroll.dll
0x0000000072df0000 - 0x0000000072eb9000 	C:\Windows\WinSxS\amd64_microsoft.vc80.crt_1fc8b3b9a1e18e3b_8.0.50727.6195_none_88e41e092fab0294\MSVCR80.dll
0x000007fefc3b0000 - 0x000007fefc3dd000 	C:\Windows\system32\ntmarta.dll
0x000007fefe220000 - 0x000007fefe272000 	C:\Windows\system32\WLDAP32.dll
0x000007fefdb60000 - 0x000007fefdb9b000 	C:\Windows\system32\WINTRUST.dll
0x000007fefd9e0000 - 0x000007fefdb4d000 	C:\Windows\system32\CRYPT32.dll
0x000007fefd900000 - 0x000007fefd90f000 	C:\Windows\system32\MSASN1.dll
0x0000000065630000 - 0x00000000670e7000 	C:\Windows\system32\nvoglv64.DLL
0x000007fefe6d0000 - 0x000007feff458000 	C:\Windows\system32\SHELL32.dll
0x000007fefd750000 - 0x000007fefd75f000 	C:\Windows\system32\CRYPTBASE.dll
0x000007fefa160000 - 0x000007fefa1fc000 	C:\Windows\system32\mscms.dll
0x000007fefd980000 - 0x000007fefd99e000 	C:\Windows\system32\USERENV.dll
0x000007fefd910000 - 0x000007fefd91f000 	C:\Windows\system32\profapi.dll
0x000007fef74d0000 - 0x000007fef7512000 	C:\Windows\system32\icm32.dll
0x000007fef61a0000 - 0x000007fef6b2e000 	C:\Windows\system32\igd10iumd64.dll
0x000007fefcf60000 - 0x000007fefcf82000 	C:\Windows\system32\bcrypt.dll
0x000007fefcf90000 - 0x000007fefcfdd000 	C:\Windows\system32\ncrypt.dll
0x000007fef5d60000 - 0x000007fef6193000 	C:\Windows\system32\igdusc64.dll
0x000007feed740000 - 0x000007feed865000 	C:\Windows\system32\dbghelp.dll

VM Arguments:
jvm_args: -agentlib:jdwp=transport=dt_socket,suspend=y,address=localhost:59722 -Djava.library.path=C:\Users\agrum\workspace\lwjgl-2.9.1\native\windows;C:\Users\agrum\workspace\lwjgl-2.9.1\native\windows -Dfile.encoding=Cp1252 
java_command: Window
Launcher Type: SUN_STANDARD

Environment Variables:
CLASSPATH=.;.;C:\PROGRA~2\JMF21~1.1E\lib\sound.jar;C:\PROGRA~2\JMF21~1.1E\lib\jmf.jar;C:\PROGRA~2\JMF21~1.1E\lib;
PATH=C:\Perl\site\bin;C:\Perl\bin;C:\Program Files (x86)\NVIDIA Corporation\PhysX\Common;C:\Windows\system32;C:\Windows;C:\Windows\System32\Wbem;C:\Windows\System32\WindowsPowerShell\v1.0\;C:\Program Files (x86)\Intel\OpenCL SDK\3.0\bin\x86;C:\Program Files (x86)\Intel\OpenCL SDK\3.0\bin\x64;C:\Program Files (x86)\Microsoft SQL Server\100\Tools\Binn\;C:\Program Files\Microsoft SQL Server\100\Tools\Binn\;C:\Program Files\Microsoft SQL Server\100\DTS\Binn\;C:\Program Files (x86)\Calibre2\;C:\Program Files\TortoiseSVN\bin;C:\Program Files\TortoiseGit\bin;.;;.;
USERNAME=agrum
OS=Windows_NT
PROCESSOR_IDENTIFIER=Intel64 Family 6 Model 60 Stepping 3, GenuineIntel



---------------  S Y S T E M  ---------------

OS: Windows 7 , 64 bit Build 7601 Service Pack 1

CPU:total 8 (4 cores per cpu, 2 threads per core) family 6 model 60 stepping 3, cmov, cx8, fxsr, mmx, sse, sse2, sse3, ssse3, sse4.1, sse4.2, popcnt, avx, avx2, aes, erms, ht, tsc, tscinvbit

Memory: 4k page, physical 8102172k(4184128k free), swap 16202480k(11626340k free)

vm_info: Java HotSpot(TM) 64-Bit Server VM (24.65-b04) for windows-amd64 JRE (1.7.0_65-b19), built on Jul  9 2014 17:47:07 by "java_re" with unknown MS VC++:1600

time: Tue Nov 04 18:30:45 2014
elapsed time: 10 seconds

